02-Desenvolvimento Kotlin/01-AsyncTask/app/build/intermediates/manifest_merge_blame_file/debug/manifest-merger-blame-debug-report.txt
1<?xml version="1.0" encoding="utf-8"?>
2<manifest xmlns:android="http://schemas.android.com/apk/res/android"
3    package="br.edu.infnet.android.myapplication"
4    android:versionCode="1"
5    android:versionName="1.0" >
6
7    <uses-sdk
8        android:minSdkVersion="28"
8-->src/main/AndroidManifest.xml
9        android:targetSdkVersion="32" />
9-->src/main/AndroidManifest.xml
10
11    <uses-permission android:name="android.permission.INTERNET" />
11-->src/main/AndroidManifest.xml:4:5-67
11-->src/main/AndroidManifest.xml:4:22-64
12
13    <application
13-->src/main/AndroidManifest.xml:5:5-30:19
14        android:allowBackup="true"
14-->src/main/AndroidManifest.xml:6:9-35
15        android:appComponentFactory="androidx.core.app.CoreComponentFactory"
15-->[androidx.core:core:1.8.0] AndroidManifest.xml:24:18-86
16        android:dataExtractionRules="@xml/data_extraction_rules"
16-->src/main/AndroidManifest.xml:7:9-65
17        android:debuggable="true"
18        android:extractNativeLibs="false"
19        android:fullBackupContent="@xml/backup_rules"
19-->src/main/AndroidManifest.xml:8:9-54
20        android:icon="@mipmap/ic_launcher"
20-->src/main/AndroidManifest.xml:9:9-43
21        android:label="@string/app_name"
21-->src/main/AndroidManifest.xml:10:9-41
22        android:roundIcon="@mipmap/ic_launcher_round"
22-->src/main/AndroidManifest.xml:11:9-54
23        android:supportsRtl="true"
23-->src/main/AndroidManifest.xml:12:9-35
24        android:testOnly="true"
25        android:theme="@style/Theme.MyApplication" >
25-->src/main/AndroidManifest.xml:13:9-51
26        <activity
26-->src/main/AndroidManifest.xml:15:9-29:20
27            android:name="br.edu.infnet.android.myapplication.MainActivity"
27-->src/main/AndroidManifest.xml:16:13-41
28            android:exported="true"
28-->src/main/AndroidManifest.xml:17:13-36
29            android:label="@string/app_name"
29-->src/main/AndroidManifest.xml:18:13-45
30            android:theme="@style/Theme.MyApplication.NoActionBar" >
30-->src/main/AndroidManifest.xml:19:13-67
31            <intent-filter>
31-->src/main/AndroidManifest.xml:20:13-24:29
32                <action android:name="android.intent.action.MAIN" />
32-->src/main/AndroidManifest.xml:21:17-69
32-->src/main/AndroidManifest.xml:21:25-66
33
34                <category android:name="android.intent.category.LAUNCHER" />
34-->src/main/AndroidManifest.xml:23:17-77
34-->src/main/AndroidManifest.xml:23:27-74
35            </intent-filter>
36
37            <meta-data
37-->src/main/AndroidManifest.xml:26:13-28:36
38                android:name="android.app.lib_name"
38-->src/main/AndroidManifest.xml:27:17-52
39                android:value="" />
39-->src/main/AndroidManifest.xml:28:17-33
40        </activity>
41
42        <uses-library
42-->[androidx.window:window:1.0.0] AndroidManifest.xml:25:9-27:40
43            android:name="androidx.window.extensions"
43-->[androidx.window:window:1.0.0] AndroidManifest.xml:26:13-54
44            android:required="false" />
44-->[androidx.window:window:1.0.0] AndroidManifest.xml:27:13-37
45        <uses-library
45-->[androidx.window:window:1.0.0] AndroidManifest.xml:28:9-30:40
46            android:name="androidx.window.sidecar"
46-->[androidx.window:window:1.0.0] AndroidManifest.xml:29:13-51
47            android:required="false" />
47-->[androidx.window:window:1.0.0] AndroidManifest.xml:30:13-37
48
49        <provider
49-->[androidx.emoji2:emoji2:1.2.0] AndroidManifest.xml:24:9-32:20
50            android:name="androidx.startup.InitializationProvider"
50-->[androidx.emoji2:emoji2:1.2.0] AndroidManifest.xml:25:13-67
51            android:authorities="br.edu.infnet.android.myapplication.androidx-startup"
51-->[androidx.emoji2:emoji2:1.2.0] AndroidManifest.xml:26:13-68
52            android:exported="false" >
52-->[androidx.emoji2:emoji2:1.2.0] AndroidManifest.xml:27:13-37
53            <meta-data
53-->[androidx.emoji2:emoji2:1.2.0] AndroidManifest.xml:29:13-31:52
54                android:name="androidx.emoji2.text.EmojiCompatInitializer"
54-->[androidx.emoji2:emoji2:1.2.0] AndroidManifest.xml:30:17-75
55                android:value="androidx.startup" />
55-->[androidx.emoji2:emoji2:1.2.0] AndroidManifest.xml:31:17-49
56            <meta-data
56-->[androidx.lifecycle:lifecycle-process:2.4.1] AndroidManifest.xml:31:13-33:52
57                android:name="androidx.lifecycle.ProcessLifecycleInitializer"
57-->[androidx.lifecycle:lifecycle-process:2.4.1] AndroidManifest.xml:32:17-78
58                android:value="androidx.startup" />
58-->[androidx.lifecycle:lifecycle-process:2.4.1] AndroidManifest.xml:33:17-49
59        </provider>
60    </application>
61
62</manifest>